INFO - 2024-11-10 00:05:38 --> Session: Class initialized using 'CodeIgniter\Session\Handlers\FileHandler' driver.
INFO - 2024-11-10 00:05:45 --> Session: Class initialized using 'CodeIgniter\Session\Handlers\FileHandler' driver.
INFO - 2024-11-10 00:05:46 --> Session: Class initialized using 'CodeIgniter\Session\Handlers\FileHandler' driver.
INFO - 2024-11-10 00:07:07 --> Session: Class initialized using 'CodeIgniter\Session\Handlers\FileHandler' driver.
INFO - 2024-11-10 00:07:19 --> Session: Class initialized using 'CodeIgniter\Session\Handlers\FileHandler' driver.
INFO - 2024-11-10 00:07:19 --> Session: Class initialized using 'CodeIgniter\Session\Handlers\FileHandler' driver.
INFO - 2024-11-10 00:08:40 --> Session: Class initialized using 'CodeIgniter\Session\Handlers\FileHandler' driver.
INFO - 2024-11-10 00:08:47 --> Session: Class initialized using 'CodeIgniter\Session\Handlers\FileHandler' driver.
INFO - 2024-11-10 00:08:48 --> Session: Class initialized using 'CodeIgniter\Session\Handlers\FileHandler' driver.
INFO - 2024-11-10 00:09:51 --> Session: Class initialized using 'CodeIgniter\Session\Handlers\FileHandler' driver.
INFO - 2024-11-10 00:09:58 --> Session: Class initialized using 'CodeIgniter\Session\Handlers\FileHandler' driver.
ERROR - 2024-11-10 00:09:58 --> mysqli_sql_exception: Cannot add or update a child row: a foreign key constraint fails (`sicac24`.`evaluacion_atributo`, CONSTRAINT `evaluacion_atributo_ibfk_2` FOREIGN KEY (`estudiante_id`) REFERENCES `usuarios` (`id`) ON DELETE CASCADE ON UPDATE CASCADE) in D:\xampp\htdocs\sicac\system\Database\MySQLi\Connection.php:306
Stack trace:
#0 D:\xampp\htdocs\sicac\system\Database\MySQLi\Connection.php(306): mysqli->query()
#1 D:\xampp\htdocs\sicac\system\Database\BaseConnection.php(693): CodeIgniter\Database\MySQLi\Connection->execute()
#2 D:\xampp\htdocs\sicac\system\Database\BaseConnection.php(607): CodeIgniter\Database\BaseConnection->simpleQuery()
#3 D:\xampp\htdocs\sicac\system\Database\BaseBuilder.php(2308): CodeIgniter\Database\BaseConnection->query()
#4 D:\xampp\htdocs\sicac\system\Model.php(319): CodeIgniter\Database\BaseBuilder->insert()
#5 D:\xampp\htdocs\sicac\system\BaseModel.php(788): CodeIgniter\Model->doInsert()
#6 D:\xampp\htdocs\sicac\system\Model.php(715): CodeIgniter\BaseModel->insert()
#7 D:\xampp\htdocs\sicac\app\Controllers\Admin\CompetenciaController.php(207): CodeIgniter\Model->insert()
#8 D:\xampp\htdocs\sicac\system\CodeIgniter.php(942): App\Controllers\Admin\CompetenciaController->guardarCalificacion()
#9 D:\xampp\htdocs\sicac\system\CodeIgniter.php(502): CodeIgniter\CodeIgniter->runController()
#10 D:\xampp\htdocs\sicac\system\CodeIgniter.php(361): CodeIgniter\CodeIgniter->handleRequest()
#11 D:\xampp\htdocs\sicac\public\index.php(79): CodeIgniter\CodeIgniter->run()
#12 D:\xampp\htdocs\sicac\system\Commands\Server\rewrite.php(47): require_once('...')
#13 {main}
CRITICAL - 2024-11-10 00:09:58 --> Cannot add or update a child row: a foreign key constraint fails (`sicac24`.`evaluacion_atributo`, CONSTRAINT `evaluacion_atributo_ibfk_2` FOREIGN KEY (`estudiante_id`) REFERENCES `usuarios` (`id`) ON DELETE CASCADE ON UPDATE CASCADE)
in SYSTEMPATH\Database\BaseConnection.php on line 647.
 1 SYSTEMPATH\Database\BaseBuilder.php(2308): CodeIgniter\Database\BaseConnection->query()
 2 SYSTEMPATH\Model.php(319): CodeIgniter\Database\BaseBuilder->insert()
 3 SYSTEMPATH\BaseModel.php(788): CodeIgniter\Model->doInsert()
 4 SYSTEMPATH\Model.php(715): CodeIgniter\BaseModel->insert()
 5 APPPATH\Controllers\Admin\CompetenciaController.php(207): CodeIgniter\Model->insert()
 6 SYSTEMPATH\CodeIgniter.php(942): App\Controllers\Admin\CompetenciaController->guardarCalificacion()
 7 SYSTEMPATH\CodeIgniter.php(502): CodeIgniter\CodeIgniter->runController()
 8 SYSTEMPATH\CodeIgniter.php(361): CodeIgniter\CodeIgniter->handleRequest()
 9 FCPATH\index.php(79): CodeIgniter\CodeIgniter->run()
10 SYSTEMPATH\Commands\Server\rewrite.php(47): require_once('D:\\xampp\\htdocs\\sicac\\public\\index.php')
INFO - 2024-11-10 00:20:40 --> Session: Class initialized using 'CodeIgniter\Session\Handlers\FileHandler' driver.
CRITICAL - 2024-11-10 00:20:40 --> Undefined array key "estudiante_id"
in APPPATH\Views\admin\competencias\mostrarCalificaciones.php on line 29.
 1 APPPATH\Views\admin\competencias\mostrarCalificaciones.php(29): CodeIgniter\Debug\Exceptions->errorHandler()
 2 SYSTEMPATH\View\View.php(228): include('D:\\xampp\\htdocs\\sicac\\app\\Views\\admin\\competencias\\mostrarCalificaciones.php')
 3 SYSTEMPATH\View\View.php(231): CodeIgniter\View\View->CodeIgniter\View\{closure}()
 4 SYSTEMPATH\Common.php(1190): CodeIgniter\View\View->render()
 5 APPPATH\Controllers\Admin\CompetenciaController.php(220): view()
 6 SYSTEMPATH\CodeIgniter.php(942): App\Controllers\Admin\CompetenciaController->mostrarCalificaciones()
 7 SYSTEMPATH\CodeIgniter.php(502): CodeIgniter\CodeIgniter->runController()
 8 SYSTEMPATH\CodeIgniter.php(361): CodeIgniter\CodeIgniter->handleRequest()
 9 FCPATH\index.php(79): CodeIgniter\CodeIgniter->run()
10 SYSTEMPATH\Commands\Server\rewrite.php(47): require_once('D:\\xampp\\htdocs\\sicac\\public\\index.php')
INFO - 2024-11-10 00:21:56 --> Session: Class initialized using 'CodeIgniter\Session\Handlers\FileHandler' driver.
CRITICAL - 2024-11-10 00:21:56 --> Undefined variable $usuario
in APPPATH\Views\admin\competencias\mostrarCalificaciones.php on line 29.
 1 APPPATH\Views\admin\competencias\mostrarCalificaciones.php(29): CodeIgniter\Debug\Exceptions->errorHandler()
 2 SYSTEMPATH\View\View.php(228): include('D:\\xampp\\htdocs\\sicac\\app\\Views\\admin\\competencias\\mostrarCalificaciones.php')
 3 SYSTEMPATH\View\View.php(231): CodeIgniter\View\View->CodeIgniter\View\{closure}()
 4 SYSTEMPATH\Common.php(1190): CodeIgniter\View\View->render()
 5 APPPATH\Controllers\Admin\CompetenciaController.php(220): view()
 6 SYSTEMPATH\CodeIgniter.php(942): App\Controllers\Admin\CompetenciaController->mostrarCalificaciones()
 7 SYSTEMPATH\CodeIgniter.php(502): CodeIgniter\CodeIgniter->runController()
 8 SYSTEMPATH\CodeIgniter.php(361): CodeIgniter\CodeIgniter->handleRequest()
 9 FCPATH\index.php(79): CodeIgniter\CodeIgniter->run()
10 SYSTEMPATH\Commands\Server\rewrite.php(47): require_once('D:\\xampp\\htdocs\\sicac\\public\\index.php')
INFO - 2024-11-10 00:22:16 --> Session: Class initialized using 'CodeIgniter\Session\Handlers\FileHandler' driver.
INFO - 2024-11-10 00:24:02 --> Session: Class initialized using 'CodeIgniter\Session\Handlers\FileHandler' driver.
INFO - 2024-11-10 00:31:16 --> Session: Class initialized using 'CodeIgniter\Session\Handlers\FileHandler' driver.
INFO - 2024-11-10 00:31:23 --> Session: Class initialized using 'CodeIgniter\Session\Handlers\FileHandler' driver.
INFO - 2024-11-10 01:33:07 --> Session: Class initialized using 'CodeIgniter\Session\Handlers\FileHandler' driver.
INFO - 2024-11-10 01:33:16 --> Session: Class initialized using 'CodeIgniter\Session\Handlers\FileHandler' driver.
ERROR - 2024-11-10 01:33:16 --> mysqli_sql_exception: Cannot add or update a child row: a foreign key constraint fails (`sicac24`.`evaluacion_atributo`, CONSTRAINT `evaluacion_atributo_ibfk_2` FOREIGN KEY (`estudiante_id`) REFERENCES `usuarios` (`id`) ON DELETE CASCADE ON UPDATE CASCADE) in D:\xampp\htdocs\sicac\system\Database\MySQLi\Connection.php:306
Stack trace:
#0 D:\xampp\htdocs\sicac\system\Database\MySQLi\Connection.php(306): mysqli->query()
#1 D:\xampp\htdocs\sicac\system\Database\BaseConnection.php(693): CodeIgniter\Database\MySQLi\Connection->execute()
#2 D:\xampp\htdocs\sicac\system\Database\BaseConnection.php(607): CodeIgniter\Database\BaseConnection->simpleQuery()
#3 D:\xampp\htdocs\sicac\system\Database\BaseBuilder.php(2308): CodeIgniter\Database\BaseConnection->query()
#4 D:\xampp\htdocs\sicac\system\Model.php(319): CodeIgniter\Database\BaseBuilder->insert()
#5 D:\xampp\htdocs\sicac\system\BaseModel.php(788): CodeIgniter\Model->doInsert()
#6 D:\xampp\htdocs\sicac\system\Model.php(715): CodeIgniter\BaseModel->insert()
#7 D:\xampp\htdocs\sicac\app\Controllers\Admin\CompetenciaController.php(209): CodeIgniter\Model->insert()
#8 D:\xampp\htdocs\sicac\system\CodeIgniter.php(942): App\Controllers\Admin\CompetenciaController->guardarCalificacion()
#9 D:\xampp\htdocs\sicac\system\CodeIgniter.php(502): CodeIgniter\CodeIgniter->runController()
#10 D:\xampp\htdocs\sicac\system\CodeIgniter.php(361): CodeIgniter\CodeIgniter->handleRequest()
#11 D:\xampp\htdocs\sicac\public\index.php(79): CodeIgniter\CodeIgniter->run()
#12 D:\xampp\htdocs\sicac\system\Commands\Server\rewrite.php(47): require_once('...')
#13 {main}
CRITICAL - 2024-11-10 01:33:16 --> Cannot add or update a child row: a foreign key constraint fails (`sicac24`.`evaluacion_atributo`, CONSTRAINT `evaluacion_atributo_ibfk_2` FOREIGN KEY (`estudiante_id`) REFERENCES `usuarios` (`id`) ON DELETE CASCADE ON UPDATE CASCADE)
in SYSTEMPATH\Database\BaseConnection.php on line 647.
 1 SYSTEMPATH\Database\BaseBuilder.php(2308): CodeIgniter\Database\BaseConnection->query()
 2 SYSTEMPATH\Model.php(319): CodeIgniter\Database\BaseBuilder->insert()
 3 SYSTEMPATH\BaseModel.php(788): CodeIgniter\Model->doInsert()
 4 SYSTEMPATH\Model.php(715): CodeIgniter\BaseModel->insert()
 5 APPPATH\Controllers\Admin\CompetenciaController.php(209): CodeIgniter\Model->insert()
 6 SYSTEMPATH\CodeIgniter.php(942): App\Controllers\Admin\CompetenciaController->guardarCalificacion()
 7 SYSTEMPATH\CodeIgniter.php(502): CodeIgniter\CodeIgniter->runController()
 8 SYSTEMPATH\CodeIgniter.php(361): CodeIgniter\CodeIgniter->handleRequest()
 9 FCPATH\index.php(79): CodeIgniter\CodeIgniter->run()
10 SYSTEMPATH\Commands\Server\rewrite.php(47): require_once('D:\\xampp\\htdocs\\sicac\\public\\index.php')
INFO - 2024-11-10 01:40:14 --> Session: Class initialized using 'CodeIgniter\Session\Handlers\FileHandler' driver.
INFO - 2024-11-10 01:40:29 --> Session: Class initialized using 'CodeIgniter\Session\Handlers\FileHandler' driver.
INFO - 2024-11-10 01:58:32 --> Session: Class initialized using 'CodeIgniter\Session\Handlers\FileHandler' driver.
INFO - 2024-11-10 01:58:45 --> Session: Class initialized using 'CodeIgniter\Session\Handlers\FileHandler' driver.
INFO - 2024-11-10 01:59:01 --> Session: Class initialized using 'CodeIgniter\Session\Handlers\FileHandler' driver.
INFO - 2024-11-10 02:00:52 --> Session: Class initialized using 'CodeIgniter\Session\Handlers\FileHandler' driver.
INFO - 2024-11-10 02:04:59 --> Session: Class initialized using 'CodeIgniter\Session\Handlers\FileHandler' driver.
ERROR - 2024-11-10 02:04:59 --> mysqli_sql_exception: Cannot add or update a child row: a foreign key constraint fails (`sicac24`.`evaluacion_atributo`, CONSTRAINT `evaluacion_atributo_ibfk_2` FOREIGN KEY (`estudiante_id`) REFERENCES `usuarios` (`id`) ON DELETE CASCADE ON UPDATE CASCADE) in D:\xampp\htdocs\sicac\system\Database\MySQLi\Connection.php:306
Stack trace:
#0 D:\xampp\htdocs\sicac\system\Database\MySQLi\Connection.php(306): mysqli->query()
#1 D:\xampp\htdocs\sicac\system\Database\BaseConnection.php(693): CodeIgniter\Database\MySQLi\Connection->execute()
#2 D:\xampp\htdocs\sicac\system\Database\BaseConnection.php(607): CodeIgniter\Database\BaseConnection->simpleQuery()
#3 D:\xampp\htdocs\sicac\system\Database\BaseBuilder.php(2308): CodeIgniter\Database\BaseConnection->query()
#4 D:\xampp\htdocs\sicac\system\Model.php(319): CodeIgniter\Database\BaseBuilder->insert()
#5 D:\xampp\htdocs\sicac\system\BaseModel.php(788): CodeIgniter\Model->doInsert()
#6 D:\xampp\htdocs\sicac\system\Model.php(715): CodeIgniter\BaseModel->insert()
#7 D:\xampp\htdocs\sicac\app\Controllers\Admin\CompetenciaController.php(209): CodeIgniter\Model->insert()
#8 D:\xampp\htdocs\sicac\system\CodeIgniter.php(942): App\Controllers\Admin\CompetenciaController->guardarCalificacion()
#9 D:\xampp\htdocs\sicac\system\CodeIgniter.php(502): CodeIgniter\CodeIgniter->runController()
#10 D:\xampp\htdocs\sicac\system\CodeIgniter.php(361): CodeIgniter\CodeIgniter->handleRequest()
#11 D:\xampp\htdocs\sicac\public\index.php(79): CodeIgniter\CodeIgniter->run()
#12 D:\xampp\htdocs\sicac\system\Commands\Server\rewrite.php(47): require_once('...')
#13 {main}
CRITICAL - 2024-11-10 02:04:59 --> Cannot add or update a child row: a foreign key constraint fails (`sicac24`.`evaluacion_atributo`, CONSTRAINT `evaluacion_atributo_ibfk_2` FOREIGN KEY (`estudiante_id`) REFERENCES `usuarios` (`id`) ON DELETE CASCADE ON UPDATE CASCADE)
in SYSTEMPATH\Database\BaseConnection.php on line 647.
 1 SYSTEMPATH\Database\BaseBuilder.php(2308): CodeIgniter\Database\BaseConnection->query()
 2 SYSTEMPATH\Model.php(319): CodeIgniter\Database\BaseBuilder->insert()
 3 SYSTEMPATH\BaseModel.php(788): CodeIgniter\Model->doInsert()
 4 SYSTEMPATH\Model.php(715): CodeIgniter\BaseModel->insert()
 5 APPPATH\Controllers\Admin\CompetenciaController.php(209): CodeIgniter\Model->insert()
 6 SYSTEMPATH\CodeIgniter.php(942): App\Controllers\Admin\CompetenciaController->guardarCalificacion()
 7 SYSTEMPATH\CodeIgniter.php(502): CodeIgniter\CodeIgniter->runController()
 8 SYSTEMPATH\CodeIgniter.php(361): CodeIgniter\CodeIgniter->handleRequest()
 9 FCPATH\index.php(79): CodeIgniter\CodeIgniter->run()
10 SYSTEMPATH\Commands\Server\rewrite.php(47): require_once('D:\\xampp\\htdocs\\sicac\\public\\index.php')
INFO - 2024-11-10 02:05:01 --> Session: Class initialized using 'CodeIgniter\Session\Handlers\FileHandler' driver.
INFO - 2024-11-10 02:05:04 --> Session: Class initialized using 'CodeIgniter\Session\Handlers\FileHandler' driver.
INFO - 2024-11-10 02:33:31 --> Session: Class initialized using 'CodeIgniter\Session\Handlers\FileHandler' driver.
INFO - 2024-11-10 02:33:37 --> Session: Class initialized using 'CodeIgniter\Session\Handlers\FileHandler' driver.
INFO - 2024-11-10 02:33:37 --> Session: Class initialized using 'CodeIgniter\Session\Handlers\FileHandler' driver.
INFO - 2024-11-10 02:33:44 --> Session: Class initialized using 'CodeIgniter\Session\Handlers\FileHandler' driver.
INFO - 2024-11-10 02:33:47 --> Session: Class initialized using 'CodeIgniter\Session\Handlers\FileHandler' driver.
INFO - 2024-11-10 02:33:50 --> Session: Class initialized using 'CodeIgniter\Session\Handlers\FileHandler' driver.
INFO - 2024-11-10 05:28:04 --> Session: Class initialized using 'CodeIgniter\Session\Handlers\FileHandler' driver.
INFO - 2024-11-10 05:28:04 --> Session: Class initialized using 'CodeIgniter\Session\Handlers\FileHandler' driver.
INFO - 2024-11-10 05:28:13 --> Session: Class initialized using 'CodeIgniter\Session\Handlers\FileHandler' driver.
INFO - 2024-11-10 05:28:13 --> Session: Class initialized using 'CodeIgniter\Session\Handlers\FileHandler' driver.
INFO - 2024-11-10 05:28:16 --> Session: Class initialized using 'CodeIgniter\Session\Handlers\FileHandler' driver.
INFO - 2024-11-10 05:28:20 --> Session: Class initialized using 'CodeIgniter\Session\Handlers\FileHandler' driver.
INFO - 2024-11-10 05:28:43 --> Session: Class initialized using 'CodeIgniter\Session\Handlers\FileHandler' driver.
INFO - 2024-11-10 05:29:53 --> Session: Class initialized using 'CodeIgniter\Session\Handlers\FileHandler' driver.
INFO - 2024-11-10 05:30:14 --> Session: Class initialized using 'CodeIgniter\Session\Handlers\FileHandler' driver.
INFO - 2024-11-10 05:31:04 --> Session: Class initialized using 'CodeIgniter\Session\Handlers\FileHandler' driver.
INFO - 2024-11-10 05:33:24 --> Session: Class initialized using 'CodeIgniter\Session\Handlers\FileHandler' driver.
INFO - 2024-11-10 05:33:39 --> Session: Class initialized using 'CodeIgniter\Session\Handlers\FileHandler' driver.
INFO - 2024-11-10 05:34:01 --> Session: Class initialized using 'CodeIgniter\Session\Handlers\FileHandler' driver.
INFO - 2024-11-10 05:36:40 --> Session: Class initialized using 'CodeIgniter\Session\Handlers\FileHandler' driver.
INFO - 2024-11-10 05:37:40 --> Session: Class initialized using 'CodeIgniter\Session\Handlers\FileHandler' driver.
CRITICAL - 2024-11-10 05:37:40 --> Undefined array key "apaterno_usuario"
in APPPATH\Views\admin\competencias\mostrarCalificaciones.php on line 34.
 1 APPPATH\Views\admin\competencias\mostrarCalificaciones.php(34): CodeIgniter\Debug\Exceptions->errorHandler()
 2 SYSTEMPATH\View\View.php(228): include('D:\\xampp\\htdocs\\sicac\\app\\Views\\admin\\competencias\\mostrarCalificaciones.php')
 3 SYSTEMPATH\View\View.php(231): CodeIgniter\View\View->CodeIgniter\View\{closure}()
 4 SYSTEMPATH\Common.php(1190): CodeIgniter\View\View->render()
 5 APPPATH\Controllers\Admin\CompetenciaController.php(225): view()
 6 SYSTEMPATH\CodeIgniter.php(942): App\Controllers\Admin\CompetenciaController->mostrarCalificaciones()
 7 SYSTEMPATH\CodeIgniter.php(502): CodeIgniter\CodeIgniter->runController()
 8 SYSTEMPATH\CodeIgniter.php(361): CodeIgniter\CodeIgniter->handleRequest()
 9 FCPATH\index.php(79): CodeIgniter\CodeIgniter->run()
10 SYSTEMPATH\Commands\Server\rewrite.php(47): require_once('D:\\xampp\\htdocs\\sicac\\public\\index.php')
INFO - 2024-11-10 05:39:12 --> Session: Class initialized using 'CodeIgniter\Session\Handlers\FileHandler' driver.
INFO - 2024-11-10 05:39:15 --> Session: Class initialized using 'CodeIgniter\Session\Handlers\FileHandler' driver.
INFO - 2024-11-10 05:42:57 --> Session: Class initialized using 'CodeIgniter\Session\Handlers\FileHandler' driver.
INFO - 2024-11-10 05:43:00 --> Session: Class initialized using 'CodeIgniter\Session\Handlers\FileHandler' driver.
INFO - 2024-11-10 05:43:01 --> Session: Class initialized using 'CodeIgniter\Session\Handlers\FileHandler' driver.
INFO - 2024-11-10 05:43:04 --> Session: Class initialized using 'CodeIgniter\Session\Handlers\FileHandler' driver.
INFO - 2024-11-10 15:30:52 --> Session: Class initialized using 'CodeIgniter\Session\Handlers\FileHandler' driver.
INFO - 2024-11-10 15:30:52 --> Session: Class initialized using 'CodeIgniter\Session\Handlers\FileHandler' driver.
INFO - 2024-11-10 15:30:57 --> Session: Class initialized using 'CodeIgniter\Session\Handlers\FileHandler' driver.
INFO - 2024-11-10 15:30:58 --> Session: Class initialized using 'CodeIgniter\Session\Handlers\FileHandler' driver.
INFO - 2024-11-10 15:31:01 --> Session: Class initialized using 'CodeIgniter\Session\Handlers\FileHandler' driver.
INFO - 2024-11-10 15:57:35 --> Session: Class initialized using 'CodeIgniter\Session\Handlers\FileHandler' driver.
INFO - 2024-11-10 15:57:41 --> Session: Class initialized using 'CodeIgniter\Session\Handlers\FileHandler' driver.
INFO - 2024-11-10 15:58:09 --> Session: Class initialized using 'CodeIgniter\Session\Handlers\FileHandler' driver.
INFO - 2024-11-10 15:58:16 --> Session: Class initialized using 'CodeIgniter\Session\Handlers\FileHandler' driver.
ERROR - 2024-11-10 15:58:16 --> mysqli_sql_exception: Error: No se pueden agregar más de 3 calificaciones para el mismo estudiante y atributo in D:\xampp\htdocs\sicac\system\Database\MySQLi\Connection.php:306
Stack trace:
#0 D:\xampp\htdocs\sicac\system\Database\MySQLi\Connection.php(306): mysqli->query()
#1 D:\xampp\htdocs\sicac\system\Database\BaseConnection.php(693): CodeIgniter\Database\MySQLi\Connection->execute()
#2 D:\xampp\htdocs\sicac\system\Database\BaseConnection.php(607): CodeIgniter\Database\BaseConnection->simpleQuery()
#3 D:\xampp\htdocs\sicac\system\Database\BaseBuilder.php(2308): CodeIgniter\Database\BaseConnection->query()
#4 D:\xampp\htdocs\sicac\system\Model.php(319): CodeIgniter\Database\BaseBuilder->insert()
#5 D:\xampp\htdocs\sicac\system\BaseModel.php(788): CodeIgniter\Model->doInsert()
#6 D:\xampp\htdocs\sicac\system\Model.php(715): CodeIgniter\BaseModel->insert()
#7 D:\xampp\htdocs\sicac\app\Controllers\Admin\CompetenciaController.php(205): CodeIgniter\Model->insert()
#8 D:\xampp\htdocs\sicac\system\CodeIgniter.php(942): App\Controllers\Admin\CompetenciaController->guardarCalificacion()
#9 D:\xampp\htdocs\sicac\system\CodeIgniter.php(502): CodeIgniter\CodeIgniter->runController()
#10 D:\xampp\htdocs\sicac\system\CodeIgniter.php(361): CodeIgniter\CodeIgniter->handleRequest()
#11 D:\xampp\htdocs\sicac\public\index.php(79): CodeIgniter\CodeIgniter->run()
#12 D:\xampp\htdocs\sicac\system\Commands\Server\rewrite.php(47): require_once('...')
#13 {main}
CRITICAL - 2024-11-10 15:58:16 --> Error: No se pueden agregar más de 3 calificaciones para el mismo estudiante y atributo
in SYSTEMPATH\Database\BaseConnection.php on line 647.
 1 SYSTEMPATH\Database\BaseBuilder.php(2308): CodeIgniter\Database\BaseConnection->query()
 2 SYSTEMPATH\Model.php(319): CodeIgniter\Database\BaseBuilder->insert()
 3 SYSTEMPATH\BaseModel.php(788): CodeIgniter\Model->doInsert()
 4 SYSTEMPATH\Model.php(715): CodeIgniter\BaseModel->insert()
 5 APPPATH\Controllers\Admin\CompetenciaController.php(205): CodeIgniter\Model->insert()
 6 SYSTEMPATH\CodeIgniter.php(942): App\Controllers\Admin\CompetenciaController->guardarCalificacion()
 7 SYSTEMPATH\CodeIgniter.php(502): CodeIgniter\CodeIgniter->runController()
 8 SYSTEMPATH\CodeIgniter.php(361): CodeIgniter\CodeIgniter->handleRequest()
 9 FCPATH\index.php(79): CodeIgniter\CodeIgniter->run()
10 SYSTEMPATH\Commands\Server\rewrite.php(47): require_once('D:\\xampp\\htdocs\\sicac\\public\\index.php')
INFO - 2024-11-10 15:58:27 --> Session: Class initialized using 'CodeIgniter\Session\Handlers\FileHandler' driver.
INFO - 2024-11-10 15:58:30 --> Session: Class initialized using 'CodeIgniter\Session\Handlers\FileHandler' driver.
INFO - 2024-11-10 15:58:49 --> Session: Class initialized using 'CodeIgniter\Session\Handlers\FileHandler' driver.
INFO - 2024-11-10 17:38:55 --> Session: Class initialized using 'CodeIgniter\Session\Handlers\FileHandler' driver.
INFO - 2024-11-10 17:39:05 --> Session: Class initialized using 'CodeIgniter\Session\Handlers\FileHandler' driver.
INFO - 2024-11-10 17:39:08 --> Session: Class initialized using 'CodeIgniter\Session\Handlers\FileHandler' driver.
INFO - 2024-11-10 17:43:37 --> Session: Class initialized using 'CodeIgniter\Session\Handlers\FileHandler' driver.
ERROR - 2024-11-10 17:43:37 --> mysqli_sql_exception: Error: La fase ya ha sido utilizada para este estudiante y atributo in D:\xampp\htdocs\sicac\system\Database\MySQLi\Connection.php:306
Stack trace:
#0 D:\xampp\htdocs\sicac\system\Database\MySQLi\Connection.php(306): mysqli->query()
#1 D:\xampp\htdocs\sicac\system\Database\BaseConnection.php(693): CodeIgniter\Database\MySQLi\Connection->execute()
#2 D:\xampp\htdocs\sicac\system\Database\BaseConnection.php(607): CodeIgniter\Database\BaseConnection->simpleQuery()
#3 D:\xampp\htdocs\sicac\system\Database\BaseBuilder.php(2308): CodeIgniter\Database\BaseConnection->query()
#4 D:\xampp\htdocs\sicac\system\Model.php(319): CodeIgniter\Database\BaseBuilder->insert()
#5 D:\xampp\htdocs\sicac\system\BaseModel.php(788): CodeIgniter\Model->doInsert()
#6 D:\xampp\htdocs\sicac\system\Model.php(715): CodeIgniter\BaseModel->insert()
#7 D:\xampp\htdocs\sicac\app\Controllers\Admin\CompetenciaController.php(212): CodeIgniter\Model->insert()
#8 D:\xampp\htdocs\sicac\system\CodeIgniter.php(942): App\Controllers\Admin\CompetenciaController->guardarCalificacion()
#9 D:\xampp\htdocs\sicac\system\CodeIgniter.php(502): CodeIgniter\CodeIgniter->runController()
#10 D:\xampp\htdocs\sicac\system\CodeIgniter.php(361): CodeIgniter\CodeIgniter->handleRequest()
#11 D:\xampp\htdocs\sicac\public\index.php(79): CodeIgniter\CodeIgniter->run()
#12 D:\xampp\htdocs\sicac\system\Commands\Server\rewrite.php(47): require_once('...')
#13 {main}
CRITICAL - 2024-11-10 17:43:37 --> Error: La fase ya ha sido utilizada para este estudiante y atributo
in SYSTEMPATH\Database\BaseConnection.php on line 647.
 1 SYSTEMPATH\Database\BaseBuilder.php(2308): CodeIgniter\Database\BaseConnection->query()
 2 SYSTEMPATH\Model.php(319): CodeIgniter\Database\BaseBuilder->insert()
 3 SYSTEMPATH\BaseModel.php(788): CodeIgniter\Model->doInsert()
 4 SYSTEMPATH\Model.php(715): CodeIgniter\BaseModel->insert()
 5 APPPATH\Controllers\Admin\CompetenciaController.php(212): CodeIgniter\Model->insert()
 6 SYSTEMPATH\CodeIgniter.php(942): App\Controllers\Admin\CompetenciaController->guardarCalificacion()
 7 SYSTEMPATH\CodeIgniter.php(502): CodeIgniter\CodeIgniter->runController()
 8 SYSTEMPATH\CodeIgniter.php(361): CodeIgniter\CodeIgniter->handleRequest()
 9 FCPATH\index.php(79): CodeIgniter\CodeIgniter->run()
10 SYSTEMPATH\Commands\Server\rewrite.php(47): require_once('D:\\xampp\\htdocs\\sicac\\public\\index.php')
INFO - 2024-11-10 17:43:42 --> Session: Class initialized using 'CodeIgniter\Session\Handlers\FileHandler' driver.
INFO - 2024-11-10 17:44:06 --> Session: Class initialized using 'CodeIgniter\Session\Handlers\FileHandler' driver.
ERROR - 2024-11-10 17:44:06 --> mysqli_sql_exception: Error: La fase ya ha sido utilizada para este estudiante y atributo in D:\xampp\htdocs\sicac\system\Database\MySQLi\Connection.php:306
Stack trace:
#0 D:\xampp\htdocs\sicac\system\Database\MySQLi\Connection.php(306): mysqli->query()
#1 D:\xampp\htdocs\sicac\system\Database\BaseConnection.php(693): CodeIgniter\Database\MySQLi\Connection->execute()
#2 D:\xampp\htdocs\sicac\system\Database\BaseConnection.php(607): CodeIgniter\Database\BaseConnection->simpleQuery()
#3 D:\xampp\htdocs\sicac\system\Database\BaseBuilder.php(2308): CodeIgniter\Database\BaseConnection->query()
#4 D:\xampp\htdocs\sicac\system\Model.php(319): CodeIgniter\Database\BaseBuilder->insert()
#5 D:\xampp\htdocs\sicac\system\BaseModel.php(788): CodeIgniter\Model->doInsert()
#6 D:\xampp\htdocs\sicac\system\Model.php(715): CodeIgniter\BaseModel->insert()
#7 D:\xampp\htdocs\sicac\app\Controllers\Admin\CompetenciaController.php(212): CodeIgniter\Model->insert()
#8 D:\xampp\htdocs\sicac\system\CodeIgniter.php(942): App\Controllers\Admin\CompetenciaController->guardarCalificacion()
#9 D:\xampp\htdocs\sicac\system\CodeIgniter.php(502): CodeIgniter\CodeIgniter->runController()
#10 D:\xampp\htdocs\sicac\system\CodeIgniter.php(361): CodeIgniter\CodeIgniter->handleRequest()
#11 D:\xampp\htdocs\sicac\public\index.php(79): CodeIgniter\CodeIgniter->run()
#12 D:\xampp\htdocs\sicac\system\Commands\Server\rewrite.php(47): require_once('...')
#13 {main}
CRITICAL - 2024-11-10 17:44:06 --> Error: La fase ya ha sido utilizada para este estudiante y atributo
in SYSTEMPATH\Database\BaseConnection.php on line 647.
 1 SYSTEMPATH\Database\BaseBuilder.php(2308): CodeIgniter\Database\BaseConnection->query()
 2 SYSTEMPATH\Model.php(319): CodeIgniter\Database\BaseBuilder->insert()
 3 SYSTEMPATH\BaseModel.php(788): CodeIgniter\Model->doInsert()
 4 SYSTEMPATH\Model.php(715): CodeIgniter\BaseModel->insert()
 5 APPPATH\Controllers\Admin\CompetenciaController.php(212): CodeIgniter\Model->insert()
 6 SYSTEMPATH\CodeIgniter.php(942): App\Controllers\Admin\CompetenciaController->guardarCalificacion()
 7 SYSTEMPATH\CodeIgniter.php(502): CodeIgniter\CodeIgniter->runController()
 8 SYSTEMPATH\CodeIgniter.php(361): CodeIgniter\CodeIgniter->handleRequest()
 9 FCPATH\index.php(79): CodeIgniter\CodeIgniter->run()
10 SYSTEMPATH\Commands\Server\rewrite.php(47): require_once('D:\\xampp\\htdocs\\sicac\\public\\index.php')
INFO - 2024-11-10 17:44:08 --> Session: Class initialized using 'CodeIgniter\Session\Handlers\FileHandler' driver.
INFO - 2024-11-10 17:44:17 --> Session: Class initialized using 'CodeIgniter\Session\Handlers\FileHandler' driver.
INFO - 2024-11-10 17:44:20 --> Session: Class initialized using 'CodeIgniter\Session\Handlers\FileHandler' driver.
INFO - 2024-11-10 17:45:00 --> Session: Class initialized using 'CodeIgniter\Session\Handlers\FileHandler' driver.
INFO - 2024-11-10 17:45:03 --> Session: Class initialized using 'CodeIgniter\Session\Handlers\FileHandler' driver.
INFO - 2024-11-10 17:46:29 --> Session: Class initialized using 'CodeIgniter\Session\Handlers\FileHandler' driver.
INFO - 2024-11-10 17:46:32 --> Session: Class initialized using 'CodeIgniter\Session\Handlers\FileHandler' driver.
INFO - 2024-11-10 17:56:57 --> Session: Class initialized using 'CodeIgniter\Session\Handlers\FileHandler' driver.
INFO - 2024-11-10 17:57:06 --> Session: Class initialized using 'CodeIgniter\Session\Handlers\FileHandler' driver.
INFO - 2024-11-10 17:57:06 --> Session: Class initialized using 'CodeIgniter\Session\Handlers\FileHandler' driver.
INFO - 2024-11-10 17:57:37 --> Session: Class initialized using 'CodeIgniter\Session\Handlers\FileHandler' driver.
INFO - 2024-11-10 17:57:38 --> Session: Class initialized using 'CodeIgniter\Session\Handlers\FileHandler' driver.
INFO - 2024-11-10 17:57:42 --> Session: Class initialized using 'CodeIgniter\Session\Handlers\FileHandler' driver.
INFO - 2024-11-10 17:57:52 --> Session: Class initialized using 'CodeIgniter\Session\Handlers\FileHandler' driver.
INFO - 2024-11-10 17:57:53 --> Session: Class initialized using 'CodeIgniter\Session\Handlers\FileHandler' driver.
INFO - 2024-11-10 17:59:14 --> Session: Class initialized using 'CodeIgniter\Session\Handlers\FileHandler' driver.
INFO - 2024-11-10 17:59:21 --> Session: Class initialized using 'CodeIgniter\Session\Handlers\FileHandler' driver.
INFO - 2024-11-10 17:59:22 --> Session: Class initialized using 'CodeIgniter\Session\Handlers\FileHandler' driver.
INFO - 2024-11-10 18:00:05 --> Session: Class initialized using 'CodeIgniter\Session\Handlers\FileHandler' driver.
INFO - 2024-11-10 18:00:05 --> Session: Class initialized using 'CodeIgniter\Session\Handlers\FileHandler' driver.
INFO - 2024-11-10 18:05:30 --> Session: Class initialized using 'CodeIgniter\Session\Handlers\FileHandler' driver.
INFO - 2024-11-10 18:05:30 --> Session: Class initialized using 'CodeIgniter\Session\Handlers\FileHandler' driver.
INFO - 2024-11-10 18:05:57 --> Session: Class initialized using 'CodeIgniter\Session\Handlers\FileHandler' driver.
INFO - 2024-11-10 18:06:06 --> Session: Class initialized using 'CodeIgniter\Session\Handlers\FileHandler' driver.
INFO - 2024-11-10 18:06:07 --> Session: Class initialized using 'CodeIgniter\Session\Handlers\FileHandler' driver.
INFO - 2024-11-10 18:06:45 --> Session: Class initialized using 'CodeIgniter\Session\Handlers\FileHandler' driver.
INFO - 2024-11-10 18:06:58 --> Session: Class initialized using 'CodeIgniter\Session\Handlers\FileHandler' driver.
INFO - 2024-11-10 18:06:58 --> Session: Class initialized using 'CodeIgniter\Session\Handlers\FileHandler' driver.
INFO - 2024-11-10 18:07:05 --> Session: Class initialized using 'CodeIgniter\Session\Handlers\FileHandler' driver.
INFO - 2024-11-10 18:07:11 --> Session: Class initialized using 'CodeIgniter\Session\Handlers\FileHandler' driver.
INFO - 2024-11-10 18:13:47 --> Session: Class initialized using 'CodeIgniter\Session\Handlers\FileHandler' driver.
INFO - 2024-11-10 18:13:48 --> Session: Class initialized using 'CodeIgniter\Session\Handlers\FileHandler' driver.
INFO - 2024-11-10 18:18:09 --> Session: Class initialized using 'CodeIgniter\Session\Handlers\FileHandler' driver.
CRITICAL - 2024-11-10 18:18:09 --> Undefined array key "nombre_estudiante"
in APPPATH\Views\admin\competencias\mostrarCalificaciones.php on line 34.
 1 APPPATH\Views\admin\competencias\mostrarCalificaciones.php(34): CodeIgniter\Debug\Exceptions->errorHandler()
 2 SYSTEMPATH\View\View.php(228): include('D:\\xampp\\htdocs\\sicac\\app\\Views\\admin\\competencias\\mostrarCalificaciones.php')
 3 SYSTEMPATH\View\View.php(231): CodeIgniter\View\View->CodeIgniter\View\{closure}()
 4 SYSTEMPATH\Common.php(1190): CodeIgniter\View\View->render()
 5 APPPATH\Controllers\Admin\CompetenciaController.php(230): view()
 6 SYSTEMPATH\CodeIgniter.php(942): App\Controllers\Admin\CompetenciaController->mostrarCalificaciones()
 7 SYSTEMPATH\CodeIgniter.php(502): CodeIgniter\CodeIgniter->runController()
 8 SYSTEMPATH\CodeIgniter.php(361): CodeIgniter\CodeIgniter->handleRequest()
 9 FCPATH\index.php(79): CodeIgniter\CodeIgniter->run()
10 SYSTEMPATH\Commands\Server\rewrite.php(47): require_once('D:\\xampp\\htdocs\\sicac\\public\\index.php')
INFO - 2024-11-10 18:18:32 --> Session: Class initialized using 'CodeIgniter\Session\Handlers\FileHandler' driver.
INFO - 2024-11-10 18:21:41 --> Session: Class initialized using 'CodeIgniter\Session\Handlers\FileHandler' driver.
INFO - 2024-11-10 18:21:48 --> Session: Class initialized using 'CodeIgniter\Session\Handlers\FileHandler' driver.
CRITICAL - 2024-11-10 18:21:48 --> Undefined variable $nombre
in APPPATH\Controllers\Admin\CompetenciaController.php on line 198.
 1 APPPATH\Controllers\Admin\CompetenciaController.php(198): CodeIgniter\Debug\Exceptions->errorHandler()
 2 SYSTEMPATH\CodeIgniter.php(942): App\Controllers\Admin\CompetenciaController->guardarCalificacion()
 3 SYSTEMPATH\CodeIgniter.php(502): CodeIgniter\CodeIgniter->runController()
 4 SYSTEMPATH\CodeIgniter.php(361): CodeIgniter\CodeIgniter->handleRequest()
 5 FCPATH\index.php(79): CodeIgniter\CodeIgniter->run()
 6 SYSTEMPATH\Commands\Server\rewrite.php(47): require_once('D:\\xampp\\htdocs\\sicac\\public\\index.php')
INFO - 2024-11-10 18:21:58 --> Session: Class initialized using 'CodeIgniter\Session\Handlers\FileHandler' driver.
INFO - 2024-11-10 18:22:02 --> Session: Class initialized using 'CodeIgniter\Session\Handlers\FileHandler' driver.
INFO - 2024-11-10 18:22:02 --> Session: Class initialized using 'CodeIgniter\Session\Handlers\FileHandler' driver.
INFO - 2024-11-10 18:22:24 --> Session: Class initialized using 'CodeIgniter\Session\Handlers\FileHandler' driver.
INFO - 2024-11-10 18:22:31 --> Session: Class initialized using 'CodeIgniter\Session\Handlers\FileHandler' driver.
INFO - 2024-11-10 18:22:32 --> Session: Class initialized using 'CodeIgniter\Session\Handlers\FileHandler' driver.
INFO - 2024-11-10 18:31:02 --> Session: Class initialized using 'CodeIgniter\Session\Handlers\FileHandler' driver.
INFO - 2024-11-10 18:31:09 --> Session: Class initialized using 'CodeIgniter\Session\Handlers\FileHandler' driver.
INFO - 2024-11-10 18:31:09 --> Session: Class initialized using 'CodeIgniter\Session\Handlers\FileHandler' driver.
INFO - 2024-11-10 18:31:38 --> Session: Class initialized using 'CodeIgniter\Session\Handlers\FileHandler' driver.
ERROR - 2024-11-10 18:31:38 --> mysqli_sql_exception: Error: La fase ya ha sido utilizada para este estudiante y atributo in D:\xampp\htdocs\sicac\system\Database\MySQLi\Connection.php:306
Stack trace:
#0 D:\xampp\htdocs\sicac\system\Database\MySQLi\Connection.php(306): mysqli->query()
#1 D:\xampp\htdocs\sicac\system\Database\BaseConnection.php(693): CodeIgniter\Database\MySQLi\Connection->execute()
#2 D:\xampp\htdocs\sicac\system\Database\BaseConnection.php(607): CodeIgniter\Database\BaseConnection->simpleQuery()
#3 D:\xampp\htdocs\sicac\system\Database\BaseBuilder.php(2308): CodeIgniter\Database\BaseConnection->query()
#4 D:\xampp\htdocs\sicac\system\Model.php(319): CodeIgniter\Database\BaseBuilder->insert()
#5 D:\xampp\htdocs\sicac\system\BaseModel.php(788): CodeIgniter\Model->doInsert()
#6 D:\xampp\htdocs\sicac\system\Model.php(715): CodeIgniter\BaseModel->insert()
#7 D:\xampp\htdocs\sicac\app\Controllers\Admin\CompetenciaController.php(216): CodeIgniter\Model->insert()
#8 D:\xampp\htdocs\sicac\system\CodeIgniter.php(942): App\Controllers\Admin\CompetenciaController->guardarCalificacion()
#9 D:\xampp\htdocs\sicac\system\CodeIgniter.php(502): CodeIgniter\CodeIgniter->runController()
#10 D:\xampp\htdocs\sicac\system\CodeIgniter.php(361): CodeIgniter\CodeIgniter->handleRequest()
#11 D:\xampp\htdocs\sicac\public\index.php(79): CodeIgniter\CodeIgniter->run()
#12 D:\xampp\htdocs\sicac\system\Commands\Server\rewrite.php(47): require_once('...')
#13 {main}
CRITICAL - 2024-11-10 18:31:38 --> Error: La fase ya ha sido utilizada para este estudiante y atributo
in SYSTEMPATH\Database\BaseConnection.php on line 647.
 1 SYSTEMPATH\Database\BaseBuilder.php(2308): CodeIgniter\Database\BaseConnection->query()
 2 SYSTEMPATH\Model.php(319): CodeIgniter\Database\BaseBuilder->insert()
 3 SYSTEMPATH\BaseModel.php(788): CodeIgniter\Model->doInsert()
 4 SYSTEMPATH\Model.php(715): CodeIgniter\BaseModel->insert()
 5 APPPATH\Controllers\Admin\CompetenciaController.php(216): CodeIgniter\Model->insert()
 6 SYSTEMPATH\CodeIgniter.php(942): App\Controllers\Admin\CompetenciaController->guardarCalificacion()
 7 SYSTEMPATH\CodeIgniter.php(502): CodeIgniter\CodeIgniter->runController()
 8 SYSTEMPATH\CodeIgniter.php(361): CodeIgniter\CodeIgniter->handleRequest()
 9 FCPATH\index.php(79): CodeIgniter\CodeIgniter->run()
10 SYSTEMPATH\Commands\Server\rewrite.php(47): require_once('D:\\xampp\\htdocs\\sicac\\public\\index.php')
INFO - 2024-11-10 18:31:43 --> Session: Class initialized using 'CodeIgniter\Session\Handlers\FileHandler' driver.
INFO - 2024-11-10 18:31:54 --> Session: Class initialized using 'CodeIgniter\Session\Handlers\FileHandler' driver.
INFO - 2024-11-10 18:31:54 --> Session: Class initialized using 'CodeIgniter\Session\Handlers\FileHandler' driver.
INFO - 2024-11-10 18:32:54 --> Session: Class initialized using 'CodeIgniter\Session\Handlers\FileHandler' driver.
INFO - 2024-11-10 18:33:00 --> Session: Class initialized using 'CodeIgniter\Session\Handlers\FileHandler' driver.
INFO - 2024-11-10 18:33:01 --> Session: Class initialized using 'CodeIgniter\Session\Handlers\FileHandler' driver.
INFO - 2024-11-10 18:33:30 --> Session: Class initialized using 'CodeIgniter\Session\Handlers\FileHandler' driver.
INFO - 2024-11-10 18:33:52 --> Session: Class initialized using 'CodeIgniter\Session\Handlers\FileHandler' driver.
INFO - 2024-11-10 18:33:58 --> Session: Class initialized using 'CodeIgniter\Session\Handlers\FileHandler' driver.
INFO - 2024-11-10 18:33:59 --> Session: Class initialized using 'CodeIgniter\Session\Handlers\FileHandler' driver.
INFO - 2024-11-10 18:34:12 --> Session: Class initialized using 'CodeIgniter\Session\Handlers\FileHandler' driver.
INFO - 2024-11-10 18:34:21 --> Session: Class initialized using 'CodeIgniter\Session\Handlers\FileHandler' driver.
INFO - 2024-11-10 18:34:22 --> Session: Class initialized using 'CodeIgniter\Session\Handlers\FileHandler' driver.
INFO - 2024-11-10 18:34:33 --> Session: Class initialized using 'CodeIgniter\Session\Handlers\FileHandler' driver.
ERROR - 2024-11-10 18:34:33 --> mysqli_sql_exception: Error: La fase ya ha sido utilizada para este estudiante y atributo in D:\xampp\htdocs\sicac\system\Database\MySQLi\Connection.php:306
Stack trace:
#0 D:\xampp\htdocs\sicac\system\Database\MySQLi\Connection.php(306): mysqli->query()
#1 D:\xampp\htdocs\sicac\system\Database\BaseConnection.php(693): CodeIgniter\Database\MySQLi\Connection->execute()
#2 D:\xampp\htdocs\sicac\system\Database\BaseConnection.php(607): CodeIgniter\Database\BaseConnection->simpleQuery()
#3 D:\xampp\htdocs\sicac\system\Database\BaseBuilder.php(2308): CodeIgniter\Database\BaseConnection->query()
#4 D:\xampp\htdocs\sicac\system\Model.php(319): CodeIgniter\Database\BaseBuilder->insert()
#5 D:\xampp\htdocs\sicac\system\BaseModel.php(788): CodeIgniter\Model->doInsert()
#6 D:\xampp\htdocs\sicac\system\Model.php(715): CodeIgniter\BaseModel->insert()
#7 D:\xampp\htdocs\sicac\app\Controllers\Admin\CompetenciaController.php(214): CodeIgniter\Model->insert()
#8 D:\xampp\htdocs\sicac\system\CodeIgniter.php(942): App\Controllers\Admin\CompetenciaController->guardarCalificacion()
#9 D:\xampp\htdocs\sicac\system\CodeIgniter.php(502): CodeIgniter\CodeIgniter->runController()
#10 D:\xampp\htdocs\sicac\system\CodeIgniter.php(361): CodeIgniter\CodeIgniter->handleRequest()
#11 D:\xampp\htdocs\sicac\public\index.php(79): CodeIgniter\CodeIgniter->run()
#12 D:\xampp\htdocs\sicac\system\Commands\Server\rewrite.php(47): require_once('...')
#13 {main}
CRITICAL - 2024-11-10 18:34:33 --> Error: La fase ya ha sido utilizada para este estudiante y atributo
in SYSTEMPATH\Database\BaseConnection.php on line 647.
 1 SYSTEMPATH\Database\BaseBuilder.php(2308): CodeIgniter\Database\BaseConnection->query()
 2 SYSTEMPATH\Model.php(319): CodeIgniter\Database\BaseBuilder->insert()
 3 SYSTEMPATH\BaseModel.php(788): CodeIgniter\Model->doInsert()
 4 SYSTEMPATH\Model.php(715): CodeIgniter\BaseModel->insert()
 5 APPPATH\Controllers\Admin\CompetenciaController.php(214): CodeIgniter\Model->insert()
 6 SYSTEMPATH\CodeIgniter.php(942): App\Controllers\Admin\CompetenciaController->guardarCalificacion()
 7 SYSTEMPATH\CodeIgniter.php(502): CodeIgniter\CodeIgniter->runController()
 8 SYSTEMPATH\CodeIgniter.php(361): CodeIgniter\CodeIgniter->handleRequest()
 9 FCPATH\index.php(79): CodeIgniter\CodeIgniter->run()
10 SYSTEMPATH\Commands\Server\rewrite.php(47): require_once('D:\\xampp\\htdocs\\sicac\\public\\index.php')
INFO - 2024-11-10 18:34:35 --> Session: Class initialized using 'CodeIgniter\Session\Handlers\FileHandler' driver.
INFO - 2024-11-10 18:37:23 --> Session: Class initialized using 'CodeIgniter\Session\Handlers\FileHandler' driver.
ERROR - 2024-11-10 18:37:23 --> mysqli_sql_exception: Error: La fase ya ha sido utilizada para este estudiante y atributo in D:\xampp\htdocs\sicac\system\Database\MySQLi\Connection.php:306
Stack trace:
#0 D:\xampp\htdocs\sicac\system\Database\MySQLi\Connection.php(306): mysqli->query()
#1 D:\xampp\htdocs\sicac\system\Database\BaseConnection.php(693): CodeIgniter\Database\MySQLi\Connection->execute()
#2 D:\xampp\htdocs\sicac\system\Database\BaseConnection.php(607): CodeIgniter\Database\BaseConnection->simpleQuery()
#3 D:\xampp\htdocs\sicac\system\Database\BaseBuilder.php(2308): CodeIgniter\Database\BaseConnection->query()
#4 D:\xampp\htdocs\sicac\system\Model.php(319): CodeIgniter\Database\BaseBuilder->insert()
#5 D:\xampp\htdocs\sicac\system\BaseModel.php(788): CodeIgniter\Model->doInsert()
#6 D:\xampp\htdocs\sicac\system\Model.php(715): CodeIgniter\BaseModel->insert()
#7 D:\xampp\htdocs\sicac\app\Controllers\Admin\CompetenciaController.php(214): CodeIgniter\Model->insert()
#8 D:\xampp\htdocs\sicac\system\CodeIgniter.php(942): App\Controllers\Admin\CompetenciaController->guardarCalificacion()
#9 D:\xampp\htdocs\sicac\system\CodeIgniter.php(502): CodeIgniter\CodeIgniter->runController()
#10 D:\xampp\htdocs\sicac\system\CodeIgniter.php(361): CodeIgniter\CodeIgniter->handleRequest()
#11 D:\xampp\htdocs\sicac\public\index.php(79): CodeIgniter\CodeIgniter->run()
#12 D:\xampp\htdocs\sicac\system\Commands\Server\rewrite.php(47): require_once('...')
#13 {main}
CRITICAL - 2024-11-10 18:37:23 --> Error: La fase ya ha sido utilizada para este estudiante y atributo
in SYSTEMPATH\Database\BaseConnection.php on line 647.
 1 SYSTEMPATH\Database\BaseBuilder.php(2308): CodeIgniter\Database\BaseConnection->query()
 2 SYSTEMPATH\Model.php(319): CodeIgniter\Database\BaseBuilder->insert()
 3 SYSTEMPATH\BaseModel.php(788): CodeIgniter\Model->doInsert()
 4 SYSTEMPATH\Model.php(715): CodeIgniter\BaseModel->insert()
 5 APPPATH\Controllers\Admin\CompetenciaController.php(214): CodeIgniter\Model->insert()
 6 SYSTEMPATH\CodeIgniter.php(942): App\Controllers\Admin\CompetenciaController->guardarCalificacion()
 7 SYSTEMPATH\CodeIgniter.php(502): CodeIgniter\CodeIgniter->runController()
 8 SYSTEMPATH\CodeIgniter.php(361): CodeIgniter\CodeIgniter->handleRequest()
 9 FCPATH\index.php(79): CodeIgniter\CodeIgniter->run()
10 SYSTEMPATH\Commands\Server\rewrite.php(47): require_once('D:\\xampp\\htdocs\\sicac\\public\\index.php')
INFO - 2024-11-10 18:37:28 --> Session: Class initialized using 'CodeIgniter\Session\Handlers\FileHandler' driver.
INFO - 2024-11-10 18:37:33 --> Session: Class initialized using 'CodeIgniter\Session\Handlers\FileHandler' driver.
ERROR - 2024-11-10 18:37:33 --> mysqli_sql_exception: Error: La fase ya ha sido utilizada para este estudiante y atributo in D:\xampp\htdocs\sicac\system\Database\MySQLi\Connection.php:306
Stack trace:
#0 D:\xampp\htdocs\sicac\system\Database\MySQLi\Connection.php(306): mysqli->query()
#1 D:\xampp\htdocs\sicac\system\Database\BaseConnection.php(693): CodeIgniter\Database\MySQLi\Connection->execute()
#2 D:\xampp\htdocs\sicac\system\Database\BaseConnection.php(607): CodeIgniter\Database\BaseConnection->simpleQuery()
#3 D:\xampp\htdocs\sicac\system\Database\BaseBuilder.php(2308): CodeIgniter\Database\BaseConnection->query()
#4 D:\xampp\htdocs\sicac\system\Model.php(319): CodeIgniter\Database\BaseBuilder->insert()
#5 D:\xampp\htdocs\sicac\system\BaseModel.php(788): CodeIgniter\Model->doInsert()
#6 D:\xampp\htdocs\sicac\system\Model.php(715): CodeIgniter\BaseModel->insert()
#7 D:\xampp\htdocs\sicac\app\Controllers\Admin\CompetenciaController.php(214): CodeIgniter\Model->insert()
#8 D:\xampp\htdocs\sicac\system\CodeIgniter.php(942): App\Controllers\Admin\CompetenciaController->guardarCalificacion()
#9 D:\xampp\htdocs\sicac\system\CodeIgniter.php(502): CodeIgniter\CodeIgniter->runController()
#10 D:\xampp\htdocs\sicac\system\CodeIgniter.php(361): CodeIgniter\CodeIgniter->handleRequest()
#11 D:\xampp\htdocs\sicac\public\index.php(79): CodeIgniter\CodeIgniter->run()
#12 D:\xampp\htdocs\sicac\system\Commands\Server\rewrite.php(47): require_once('...')
#13 {main}
CRITICAL - 2024-11-10 18:37:33 --> Error: La fase ya ha sido utilizada para este estudiante y atributo
in SYSTEMPATH\Database\BaseConnection.php on line 647.
 1 SYSTEMPATH\Database\BaseBuilder.php(2308): CodeIgniter\Database\BaseConnection->query()
 2 SYSTEMPATH\Model.php(319): CodeIgniter\Database\BaseBuilder->insert()
 3 SYSTEMPATH\BaseModel.php(788): CodeIgniter\Model->doInsert()
 4 SYSTEMPATH\Model.php(715): CodeIgniter\BaseModel->insert()
 5 APPPATH\Controllers\Admin\CompetenciaController.php(214): CodeIgniter\Model->insert()
 6 SYSTEMPATH\CodeIgniter.php(942): App\Controllers\Admin\CompetenciaController->guardarCalificacion()
 7 SYSTEMPATH\CodeIgniter.php(502): CodeIgniter\CodeIgniter->runController()
 8 SYSTEMPATH\CodeIgniter.php(361): CodeIgniter\CodeIgniter->handleRequest()
 9 FCPATH\index.php(79): CodeIgniter\CodeIgniter->run()
10 SYSTEMPATH\Commands\Server\rewrite.php(47): require_once('D:\\xampp\\htdocs\\sicac\\public\\index.php')
INFO - 2024-11-10 18:37:36 --> Session: Class initialized using 'CodeIgniter\Session\Handlers\FileHandler' driver.
INFO - 2024-11-10 18:38:02 --> Session: Class initialized using 'CodeIgniter\Session\Handlers\FileHandler' driver.
INFO - 2024-11-10 18:38:05 --> Session: Class initialized using 'CodeIgniter\Session\Handlers\FileHandler' driver.
ERROR - 2024-11-10 18:38:05 --> mysqli_sql_exception: Error: La fase ya ha sido utilizada para este estudiante y atributo in D:\xampp\htdocs\sicac\system\Database\MySQLi\Connection.php:306
Stack trace:
#0 D:\xampp\htdocs\sicac\system\Database\MySQLi\Connection.php(306): mysqli->query()
#1 D:\xampp\htdocs\sicac\system\Database\BaseConnection.php(693): CodeIgniter\Database\MySQLi\Connection->execute()
#2 D:\xampp\htdocs\sicac\system\Database\BaseConnection.php(607): CodeIgniter\Database\BaseConnection->simpleQuery()
#3 D:\xampp\htdocs\sicac\system\Database\BaseBuilder.php(2308): CodeIgniter\Database\BaseConnection->query()
#4 D:\xampp\htdocs\sicac\system\Model.php(319): CodeIgniter\Database\BaseBuilder->insert()
#5 D:\xampp\htdocs\sicac\system\BaseModel.php(788): CodeIgniter\Model->doInsert()
#6 D:\xampp\htdocs\sicac\system\Model.php(715): CodeIgniter\BaseModel->insert()
#7 D:\xampp\htdocs\sicac\app\Controllers\Admin\CompetenciaController.php(214): CodeIgniter\Model->insert()
#8 D:\xampp\htdocs\sicac\system\CodeIgniter.php(942): App\Controllers\Admin\CompetenciaController->guardarCalificacion()
#9 D:\xampp\htdocs\sicac\system\CodeIgniter.php(502): CodeIgniter\CodeIgniter->runController()
#10 D:\xampp\htdocs\sicac\system\CodeIgniter.php(361): CodeIgniter\CodeIgniter->handleRequest()
#11 D:\xampp\htdocs\sicac\public\index.php(79): CodeIgniter\CodeIgniter->run()
#12 D:\xampp\htdocs\sicac\system\Commands\Server\rewrite.php(47): require_once('...')
#13 {main}
CRITICAL - 2024-11-10 18:38:05 --> Error: La fase ya ha sido utilizada para este estudiante y atributo
in SYSTEMPATH\Database\BaseConnection.php on line 647.
 1 SYSTEMPATH\Database\BaseBuilder.php(2308): CodeIgniter\Database\BaseConnection->query()
 2 SYSTEMPATH\Model.php(319): CodeIgniter\Database\BaseBuilder->insert()
 3 SYSTEMPATH\BaseModel.php(788): CodeIgniter\Model->doInsert()
 4 SYSTEMPATH\Model.php(715): CodeIgniter\BaseModel->insert()
 5 APPPATH\Controllers\Admin\CompetenciaController.php(214): CodeIgniter\Model->insert()
 6 SYSTEMPATH\CodeIgniter.php(942): App\Controllers\Admin\CompetenciaController->guardarCalificacion()
 7 SYSTEMPATH\CodeIgniter.php(502): CodeIgniter\CodeIgniter->runController()
 8 SYSTEMPATH\CodeIgniter.php(361): CodeIgniter\CodeIgniter->handleRequest()
 9 FCPATH\index.php(79): CodeIgniter\CodeIgniter->run()
10 SYSTEMPATH\Commands\Server\rewrite.php(47): require_once('D:\\xampp\\htdocs\\sicac\\public\\index.php')
INFO - 2024-11-10 18:38:07 --> Session: Class initialized using 'CodeIgniter\Session\Handlers\FileHandler' driver.
INFO - 2024-11-10 18:38:26 --> Session: Class initialized using 'CodeIgniter\Session\Handlers\FileHandler' driver.
INFO - 2024-11-10 18:38:28 --> Session: Class initialized using 'CodeIgniter\Session\Handlers\FileHandler' driver.
ERROR - 2024-11-10 18:38:28 --> mysqli_sql_exception: Error: La fase ya ha sido utilizada para este estudiante y atributo in D:\xampp\htdocs\sicac\system\Database\MySQLi\Connection.php:306
Stack trace:
#0 D:\xampp\htdocs\sicac\system\Database\MySQLi\Connection.php(306): mysqli->query()
#1 D:\xampp\htdocs\sicac\system\Database\BaseConnection.php(693): CodeIgniter\Database\MySQLi\Connection->execute()
#2 D:\xampp\htdocs\sicac\system\Database\BaseConnection.php(607): CodeIgniter\Database\BaseConnection->simpleQuery()
#3 D:\xampp\htdocs\sicac\system\Database\BaseBuilder.php(2308): CodeIgniter\Database\BaseConnection->query()
#4 D:\xampp\htdocs\sicac\system\Model.php(319): CodeIgniter\Database\BaseBuilder->insert()
#5 D:\xampp\htdocs\sicac\system\BaseModel.php(788): CodeIgniter\Model->doInsert()
#6 D:\xampp\htdocs\sicac\system\Model.php(715): CodeIgniter\BaseModel->insert()
#7 D:\xampp\htdocs\sicac\app\Controllers\Admin\CompetenciaController.php(214): CodeIgniter\Model->insert()
#8 D:\xampp\htdocs\sicac\system\CodeIgniter.php(942): App\Controllers\Admin\CompetenciaController->guardarCalificacion()
#9 D:\xampp\htdocs\sicac\system\CodeIgniter.php(502): CodeIgniter\CodeIgniter->runController()
#10 D:\xampp\htdocs\sicac\system\CodeIgniter.php(361): CodeIgniter\CodeIgniter->handleRequest()
#11 D:\xampp\htdocs\sicac\public\index.php(79): CodeIgniter\CodeIgniter->run()
#12 D:\xampp\htdocs\sicac\system\Commands\Server\rewrite.php(47): require_once('...')
#13 {main}
CRITICAL - 2024-11-10 18:38:28 --> Error: La fase ya ha sido utilizada para este estudiante y atributo
in SYSTEMPATH\Database\BaseConnection.php on line 647.
 1 SYSTEMPATH\Database\BaseBuilder.php(2308): CodeIgniter\Database\BaseConnection->query()
 2 SYSTEMPATH\Model.php(319): CodeIgniter\Database\BaseBuilder->insert()
 3 SYSTEMPATH\BaseModel.php(788): CodeIgniter\Model->doInsert()
 4 SYSTEMPATH\Model.php(715): CodeIgniter\BaseModel->insert()
 5 APPPATH\Controllers\Admin\CompetenciaController.php(214): CodeIgniter\Model->insert()
 6 SYSTEMPATH\CodeIgniter.php(942): App\Controllers\Admin\CompetenciaController->guardarCalificacion()
 7 SYSTEMPATH\CodeIgniter.php(502): CodeIgniter\CodeIgniter->runController()
 8 SYSTEMPATH\CodeIgniter.php(361): CodeIgniter\CodeIgniter->handleRequest()
 9 FCPATH\index.php(79): CodeIgniter\CodeIgniter->run()
10 SYSTEMPATH\Commands\Server\rewrite.php(47): require_once('D:\\xampp\\htdocs\\sicac\\public\\index.php')
INFO - 2024-11-10 18:38:42 --> Session: Class initialized using 'CodeIgniter\Session\Handlers\FileHandler' driver.
INFO - 2024-11-10 18:38:45 --> Session: Class initialized using 'CodeIgniter\Session\Handlers\FileHandler' driver.
ERROR - 2024-11-10 18:38:45 --> mysqli_sql_exception: Error: La fase ya ha sido utilizada para este estudiante y atributo in D:\xampp\htdocs\sicac\system\Database\MySQLi\Connection.php:306
Stack trace:
#0 D:\xampp\htdocs\sicac\system\Database\MySQLi\Connection.php(306): mysqli->query()
#1 D:\xampp\htdocs\sicac\system\Database\BaseConnection.php(693): CodeIgniter\Database\MySQLi\Connection->execute()
#2 D:\xampp\htdocs\sicac\system\Database\BaseConnection.php(607): CodeIgniter\Database\BaseConnection->simpleQuery()
#3 D:\xampp\htdocs\sicac\system\Database\BaseBuilder.php(2308): CodeIgniter\Database\BaseConnection->query()
#4 D:\xampp\htdocs\sicac\system\Model.php(319): CodeIgniter\Database\BaseBuilder->insert()
#5 D:\xampp\htdocs\sicac\system\BaseModel.php(788): CodeIgniter\Model->doInsert()
#6 D:\xampp\htdocs\sicac\system\Model.php(715): CodeIgniter\BaseModel->insert()
#7 D:\xampp\htdocs\sicac\app\Controllers\Admin\CompetenciaController.php(214): CodeIgniter\Model->insert()
#8 D:\xampp\htdocs\sicac\system\CodeIgniter.php(942): App\Controllers\Admin\CompetenciaController->guardarCalificacion()
#9 D:\xampp\htdocs\sicac\system\CodeIgniter.php(502): CodeIgniter\CodeIgniter->runController()
#10 D:\xampp\htdocs\sicac\system\CodeIgniter.php(361): CodeIgniter\CodeIgniter->handleRequest()
#11 D:\xampp\htdocs\sicac\public\index.php(79): CodeIgniter\CodeIgniter->run()
#12 D:\xampp\htdocs\sicac\system\Commands\Server\rewrite.php(47): require_once('...')
#13 {main}
CRITICAL - 2024-11-10 18:38:45 --> Error: La fase ya ha sido utilizada para este estudiante y atributo
in SYSTEMPATH\Database\BaseConnection.php on line 647.
 1 SYSTEMPATH\Database\BaseBuilder.php(2308): CodeIgniter\Database\BaseConnection->query()
 2 SYSTEMPATH\Model.php(319): CodeIgniter\Database\BaseBuilder->insert()
 3 SYSTEMPATH\BaseModel.php(788): CodeIgniter\Model->doInsert()
 4 SYSTEMPATH\Model.php(715): CodeIgniter\BaseModel->insert()
 5 APPPATH\Controllers\Admin\CompetenciaController.php(214): CodeIgniter\Model->insert()
 6 SYSTEMPATH\CodeIgniter.php(942): App\Controllers\Admin\CompetenciaController->guardarCalificacion()
 7 SYSTEMPATH\CodeIgniter.php(502): CodeIgniter\CodeIgniter->runController()
 8 SYSTEMPATH\CodeIgniter.php(361): CodeIgniter\CodeIgniter->handleRequest()
 9 FCPATH\index.php(79): CodeIgniter\CodeIgniter->run()
10 SYSTEMPATH\Commands\Server\rewrite.php(47): require_once('D:\\xampp\\htdocs\\sicac\\public\\index.php')
INFO - 2024-11-10 18:38:48 --> Session: Class initialized using 'CodeIgniter\Session\Handlers\FileHandler' driver.
INFO - 2024-11-10 18:39:25 --> Session: Class initialized using 'CodeIgniter\Session\Handlers\FileHandler' driver.
INFO - 2024-11-10 18:39:28 --> Session: Class initialized using 'CodeIgniter\Session\Handlers\FileHandler' driver.
ERROR - 2024-11-10 18:39:28 --> mysqli_sql_exception: Error: La fase ya ha sido utilizada para este estudiante y atributo in D:\xampp\htdocs\sicac\system\Database\MySQLi\Connection.php:306
Stack trace:
#0 D:\xampp\htdocs\sicac\system\Database\MySQLi\Connection.php(306): mysqli->query()
#1 D:\xampp\htdocs\sicac\system\Database\BaseConnection.php(693): CodeIgniter\Database\MySQLi\Connection->execute()
#2 D:\xampp\htdocs\sicac\system\Database\BaseConnection.php(607): CodeIgniter\Database\BaseConnection->simpleQuery()
#3 D:\xampp\htdocs\sicac\system\Database\BaseBuilder.php(2308): CodeIgniter\Database\BaseConnection->query()
#4 D:\xampp\htdocs\sicac\system\Model.php(319): CodeIgniter\Database\BaseBuilder->insert()
#5 D:\xampp\htdocs\sicac\system\BaseModel.php(788): CodeIgniter\Model->doInsert()
#6 D:\xampp\htdocs\sicac\system\Model.php(715): CodeIgniter\BaseModel->insert()
#7 D:\xampp\htdocs\sicac\app\Controllers\Admin\CompetenciaController.php(216): CodeIgniter\Model->insert()
#8 D:\xampp\htdocs\sicac\system\CodeIgniter.php(942): App\Controllers\Admin\CompetenciaController->guardarCalificacion()
#9 D:\xampp\htdocs\sicac\system\CodeIgniter.php(502): CodeIgniter\CodeIgniter->runController()
#10 D:\xampp\htdocs\sicac\system\CodeIgniter.php(361): CodeIgniter\CodeIgniter->handleRequest()
#11 D:\xampp\htdocs\sicac\public\index.php(79): CodeIgniter\CodeIgniter->run()
#12 D:\xampp\htdocs\sicac\system\Commands\Server\rewrite.php(47): require_once('...')
#13 {main}
CRITICAL - 2024-11-10 18:39:28 --> Error: La fase ya ha sido utilizada para este estudiante y atributo
in SYSTEMPATH\Database\BaseConnection.php on line 647.
 1 SYSTEMPATH\Database\BaseBuilder.php(2308): CodeIgniter\Database\BaseConnection->query()
 2 SYSTEMPATH\Model.php(319): CodeIgniter\Database\BaseBuilder->insert()
 3 SYSTEMPATH\BaseModel.php(788): CodeIgniter\Model->doInsert()
 4 SYSTEMPATH\Model.php(715): CodeIgniter\BaseModel->insert()
 5 APPPATH\Controllers\Admin\CompetenciaController.php(216): CodeIgniter\Model->insert()
 6 SYSTEMPATH\CodeIgniter.php(942): App\Controllers\Admin\CompetenciaController->guardarCalificacion()
 7 SYSTEMPATH\CodeIgniter.php(502): CodeIgniter\CodeIgniter->runController()
 8 SYSTEMPATH\CodeIgniter.php(361): CodeIgniter\CodeIgniter->handleRequest()
 9 FCPATH\index.php(79): CodeIgniter\CodeIgniter->run()
10 SYSTEMPATH\Commands\Server\rewrite.php(47): require_once('D:\\xampp\\htdocs\\sicac\\public\\index.php')
INFO - 2024-11-10 18:39:31 --> Session: Class initialized using 'CodeIgniter\Session\Handlers\FileHandler' driver.
INFO - 2024-11-10 18:39:55 --> Session: Class initialized using 'CodeIgniter\Session\Handlers\FileHandler' driver.
INFO - 2024-11-10 18:39:58 --> Session: Class initialized using 'CodeIgniter\Session\Handlers\FileHandler' driver.
ERROR - 2024-11-10 18:39:58 --> mysqli_sql_exception: Error: La fase ya ha sido utilizada para este estudiante y atributo in D:\xampp\htdocs\sicac\system\Database\MySQLi\Connection.php:306
Stack trace:
#0 D:\xampp\htdocs\sicac\system\Database\MySQLi\Connection.php(306): mysqli->query()
#1 D:\xampp\htdocs\sicac\system\Database\BaseConnection.php(693): CodeIgniter\Database\MySQLi\Connection->execute()
#2 D:\xampp\htdocs\sicac\system\Database\BaseConnection.php(607): CodeIgniter\Database\BaseConnection->simpleQuery()
#3 D:\xampp\htdocs\sicac\system\Database\BaseBuilder.php(2308): CodeIgniter\Database\BaseConnection->query()
#4 D:\xampp\htdocs\sicac\system\Model.php(319): CodeIgniter\Database\BaseBuilder->insert()
#5 D:\xampp\htdocs\sicac\system\BaseModel.php(788): CodeIgniter\Model->doInsert()
#6 D:\xampp\htdocs\sicac\system\Model.php(715): CodeIgniter\BaseModel->insert()
#7 D:\xampp\htdocs\sicac\app\Controllers\Admin\CompetenciaController.php(213): CodeIgniter\Model->insert()
#8 D:\xampp\htdocs\sicac\system\CodeIgniter.php(942): App\Controllers\Admin\CompetenciaController->guardarCalificacion()
#9 D:\xampp\htdocs\sicac\system\CodeIgniter.php(502): CodeIgniter\CodeIgniter->runController()
#10 D:\xampp\htdocs\sicac\system\CodeIgniter.php(361): CodeIgniter\CodeIgniter->handleRequest()
#11 D:\xampp\htdocs\sicac\public\index.php(79): CodeIgniter\CodeIgniter->run()
#12 D:\xampp\htdocs\sicac\system\Commands\Server\rewrite.php(47): require_once('...')
#13 {main}
CRITICAL - 2024-11-10 18:39:58 --> Error: La fase ya ha sido utilizada para este estudiante y atributo
in SYSTEMPATH\Database\BaseConnection.php on line 647.
 1 SYSTEMPATH\Database\BaseBuilder.php(2308): CodeIgniter\Database\BaseConnection->query()
 2 SYSTEMPATH\Model.php(319): CodeIgniter\Database\BaseBuilder->insert()
 3 SYSTEMPATH\BaseModel.php(788): CodeIgniter\Model->doInsert()
 4 SYSTEMPATH\Model.php(715): CodeIgniter\BaseModel->insert()
 5 APPPATH\Controllers\Admin\CompetenciaController.php(213): CodeIgniter\Model->insert()
 6 SYSTEMPATH\CodeIgniter.php(942): App\Controllers\Admin\CompetenciaController->guardarCalificacion()
 7 SYSTEMPATH\CodeIgniter.php(502): CodeIgniter\CodeIgniter->runController()
 8 SYSTEMPATH\CodeIgniter.php(361): CodeIgniter\CodeIgniter->handleRequest()
 9 FCPATH\index.php(79): CodeIgniter\CodeIgniter->run()
10 SYSTEMPATH\Commands\Server\rewrite.php(47): require_once('D:\\xampp\\htdocs\\sicac\\public\\index.php')
INFO - 2024-11-10 18:40:00 --> Session: Class initialized using 'CodeIgniter\Session\Handlers\FileHandler' driver.
INFO - 2024-11-10 18:40:17 --> Session: Class initialized using 'CodeIgniter\Session\Handlers\FileHandler' driver.
INFO - 2024-11-10 18:40:18 --> Session: Class initialized using 'CodeIgniter\Session\Handlers\FileHandler' driver.
INFO - 2024-11-10 18:48:51 --> Session: Class initialized using 'CodeIgniter\Session\Handlers\FileHandler' driver.
INFO - 2024-11-10 18:48:57 --> Session: Class initialized using 'CodeIgniter\Session\Handlers\FileHandler' driver.
INFO - 2024-11-10 18:48:58 --> Session: Class initialized using 'CodeIgniter\Session\Handlers\FileHandler' driver.
INFO - 2024-11-10 18:49:14 --> Session: Class initialized using 'CodeIgniter\Session\Handlers\FileHandler' driver.
INFO - 2024-11-10 18:49:14 --> Session: Class initialized using 'CodeIgniter\Session\Handlers\FileHandler' driver.
INFO - 2024-11-10 18:49:22 --> Session: Class initialized using 'CodeIgniter\Session\Handlers\FileHandler' driver.
INFO - 2024-11-10 18:49:22 --> Session: Class initialized using 'CodeIgniter\Session\Handlers\FileHandler' driver.
INFO - 2024-11-10 18:50:19 --> Session: Class initialized using 'CodeIgniter\Session\Handlers\FileHandler' driver.
INFO - 2024-11-10 18:50:26 --> Session: Class initialized using 'CodeIgniter\Session\Handlers\FileHandler' driver.
INFO - 2024-11-10 18:50:26 --> Session: Class initialized using 'CodeIgniter\Session\Handlers\FileHandler' driver.
INFO - 2024-11-10 18:51:02 --> Session: Class initialized using 'CodeIgniter\Session\Handlers\FileHandler' driver.
INFO - 2024-11-10 18:51:08 --> Session: Class initialized using 'CodeIgniter\Session\Handlers\FileHandler' driver.
INFO - 2024-11-10 18:51:12 --> Session: Class initialized using 'CodeIgniter\Session\Handlers\FileHandler' driver.
INFO - 2024-11-10 18:51:12 --> Session: Class initialized using 'CodeIgniter\Session\Handlers\FileHandler' driver.
INFO - 2024-11-10 18:52:55 --> Session: Class initialized using 'CodeIgniter\Session\Handlers\FileHandler' driver.
INFO - 2024-11-10 18:57:34 --> Session: Class initialized using 'CodeIgniter\Session\Handlers\FileHandler' driver.
INFO - 2024-11-10 18:57:48 --> Session: Class initialized using 'CodeIgniter\Session\Handlers\FileHandler' driver.
INFO - 2024-11-10 18:57:50 --> Session: Class initialized using 'CodeIgniter\Session\Handlers\FileHandler' driver.
INFO - 2024-11-10 18:57:53 --> Session: Class initialized using 'CodeIgniter\Session\Handlers\FileHandler' driver.
INFO - 2024-11-10 18:57:56 --> Session: Class initialized using 'CodeIgniter\Session\Handlers\FileHandler' driver.
INFO - 2024-11-10 18:57:56 --> Session: Class initialized using 'CodeIgniter\Session\Handlers\FileHandler' driver.
INFO - 2024-11-10 18:57:59 --> Session: Class initialized using 'CodeIgniter\Session\Handlers\FileHandler' driver.
INFO - 2024-11-10 18:58:18 --> Session: Class initialized using 'CodeIgniter\Session\Handlers\FileHandler' driver.
INFO - 2024-11-10 18:58:23 --> Session: Class initialized using 'CodeIgniter\Session\Handlers\FileHandler' driver.
INFO - 2024-11-10 18:58:27 --> Session: Class initialized using 'CodeIgniter\Session\Handlers\FileHandler' driver.
INFO - 2024-11-10 18:58:29 --> Session: Class initialized using 'CodeIgniter\Session\Handlers\FileHandler' driver.
INFO - 2024-11-10 18:58:36 --> Session: Class initialized using 'CodeIgniter\Session\Handlers\FileHandler' driver.
INFO - 2024-11-10 18:58:40 --> Session: Class initialized using 'CodeIgniter\Session\Handlers\FileHandler' driver.
INFO - 2024-11-10 18:58:43 --> Session: Class initialized using 'CodeIgniter\Session\Handlers\FileHandler' driver.
INFO - 2024-11-10 18:59:56 --> Session: Class initialized using 'CodeIgniter\Session\Handlers\FileHandler' driver.
INFO - 2024-11-10 19:00:08 --> Session: Class initialized using 'CodeIgniter\Session\Handlers\FileHandler' driver.
INFO - 2024-11-10 19:00:22 --> Session: Class initialized using 'CodeIgniter\Session\Handlers\FileHandler' driver.
INFO - 2024-11-10 19:00:36 --> Session: Class initialized using 'CodeIgniter\Session\Handlers\FileHandler' driver.
INFO - 2024-11-10 19:00:47 --> Session: Class initialized using 'CodeIgniter\Session\Handlers\FileHandler' driver.
INFO - 2024-11-10 19:01:02 --> Session: Class initialized using 'CodeIgniter\Session\Handlers\FileHandler' driver.
INFO - 2024-11-10 19:03:03 --> Session: Class initialized using 'CodeIgniter\Session\Handlers\FileHandler' driver.
INFO - 2024-11-10 19:03:13 --> Session: Class initialized using 'CodeIgniter\Session\Handlers\FileHandler' driver.
INFO - 2024-11-10 19:03:21 --> Session: Class initialized using 'CodeIgniter\Session\Handlers\FileHandler' driver.
INFO - 2024-11-10 19:09:56 --> Session: Class initialized using 'CodeIgniter\Session\Handlers\FileHandler' driver.
INFO - 2024-11-10 19:10:55 --> Session: Class initialized using 'CodeIgniter\Session\Handlers\FileHandler' driver.
INFO - 2024-11-10 19:12:05 --> Session: Class initialized using 'CodeIgniter\Session\Handlers\FileHandler' driver.
INFO - 2024-11-10 19:12:15 --> Session: Class initialized using 'CodeIgniter\Session\Handlers\FileHandler' driver.
INFO - 2024-11-10 19:12:29 --> Session: Class initialized using 'CodeIgniter\Session\Handlers\FileHandler' driver.
INFO - 2024-11-10 19:13:07 --> Session: Class initialized using 'CodeIgniter\Session\Handlers\FileHandler' driver.
INFO - 2024-11-10 19:13:16 --> Session: Class initialized using 'CodeIgniter\Session\Handlers\FileHandler' driver.
INFO - 2024-11-10 19:14:09 --> Session: Class initialized using 'CodeIgniter\Session\Handlers\FileHandler' driver.
